<?xml version="1.0" encoding="utf-8"?>
<TestRun id="56cabf54-21ba-403a-93c3-03926dea2943" name="lucym@DESKTOP-TQIN3JD 2023-01-24 14:52:18" runUser="DESKTOP-TQIN3JD\lucym" xmlns="http://microsoft.com/schemas/VisualStudio/TeamTest/2010">
  <Times creation="2023-01-24T14:52:18.3512532+00:00" queuing="2023-01-24T14:52:18.3512539+00:00" start="2023-01-24T14:52:15.9866648+00:00" finish="2023-01-24T14:52:18.3688190+00:00" />
  <TestSettings name="default" id="5b626d56-ca63-4bc9-a7df-c3d3968f93bc">
    <Deployment runDeploymentRoot="lucym_DESKTOP-TQIN3JD_2023-01-24_14_52_18" />
  </TestSettings>
  <Results>
    <UnitTestResult executionId="2bf4004f-da40-4eff-93be-c01472187965" testId="764d58a1-7f32-a987-14c9-e1109da67a4d" testName="can reverse list [1; 2; 3]" computerName="DESKTOP-TQIN3JD" duration="00:00:00.0189530" startTime="2023-01-24T14:52:17.9088921+00:00" endTime="2023-01-24T14:52:17.9278456+00:00" testType="13cdc9d9-ddb5-4fa4-a97d-d965ccfc6d4b" outcome="Passed" testListId="8c84fa94-04c1-424b-9868-57a2d4851a1d" relativeResultsDirectory="2bf4004f-da40-4eff-93be-c01472187965" />
    <UnitTestResult executionId="a62abe76-43c6-43bc-8eb9-1f7df0cde351" testId="ac77d533-94dc-26b5-5d99-b5cbe7d9de0f" testName="can reverse list []" computerName="DESKTOP-TQIN3JD" duration="00:00:00.0161290" startTime="2023-01-24T14:52:17.8901875+00:00" endTime="2023-01-24T14:52:17.9061703+00:00" testType="13cdc9d9-ddb5-4fa4-a97d-d965ccfc6d4b" outcome="Passed" testListId="8c84fa94-04c1-424b-9868-57a2d4851a1d" relativeResultsDirectory="a62abe76-43c6-43bc-8eb9-1f7df0cde351" />
    <UnitTestResult executionId="04d18766-f106-4335-9a79-927de404d157" testId="fddadea8-f881-9e04-a8fc-7e6ee77f9a94" testName="can reverse list [6; 7; 8]" computerName="DESKTOP-TQIN3JD" duration="00:00:00.0633300" startTime="2023-01-24T14:52:17.9278854+00:00" endTime="2023-01-24T14:52:17.9912151+00:00" testType="13cdc9d9-ddb5-4fa4-a97d-d965ccfc6d4b" outcome="Failed" testListId="8c84fa94-04c1-424b-9868-57a2d4851a1d" relativeResultsDirectory="04d18766-f106-4335-9a79-927de404d157">
      <Output>
        <ErrorInfo>
          <Message>  Expected: &lt; 8, 7, 6 &gt; or &lt; 8, 7, 6 &gt;&#xD;
  But was:  &lt;empty&gt;&#xD;
</Message>
          <StackTrace>   at FsUnit.TopLevelOperators.should[a,a](FSharpFunc`2 f, a x, Object actual)&#xD;
   at Tests.can reverse list [6; 7; 8]() in e:\Dev\sandbox\F#\ndc-code-snippets\01-list-reverse.fs:line 28&#xD;
</StackTrace>
        </ErrorInfo>
      </Output>
    </UnitTestResult>
  </Results>
  <TestDefinitions>
    <UnitTest name="can reverse list []" storage="e:\dev\sandbox\f#\ndc-code-snippets\bin\debug\net6.0\ndc-code-snippets.dll" id="ac77d533-94dc-26b5-5d99-b5cbe7d9de0f">
      <Execution id="a62abe76-43c6-43bc-8eb9-1f7df0cde351" />
      <TestMethod codeBase="e:\Dev\sandbox\F#\ndc-code-snippets\bin\Debug\net6.0\ndc-code-snippets.dll" adapterTypeName="executor://nunit3testexecutor/" className="Tests" name="can reverse list []" />
    </UnitTest>
    <UnitTest name="can reverse list [6; 7; 8]" storage="e:\dev\sandbox\f#\ndc-code-snippets\bin\debug\net6.0\ndc-code-snippets.dll" id="fddadea8-f881-9e04-a8fc-7e6ee77f9a94">
      <Execution id="04d18766-f106-4335-9a79-927de404d157" />
      <TestMethod codeBase="e:\Dev\sandbox\F#\ndc-code-snippets\bin\Debug\net6.0\ndc-code-snippets.dll" adapterTypeName="executor://nunit3testexecutor/" className="Tests" name="can reverse list [6; 7; 8]" />
    </UnitTest>
    <UnitTest name="can reverse list [1; 2; 3]" storage="e:\dev\sandbox\f#\ndc-code-snippets\bin\debug\net6.0\ndc-code-snippets.dll" id="764d58a1-7f32-a987-14c9-e1109da67a4d">
      <Execution id="2bf4004f-da40-4eff-93be-c01472187965" />
      <TestMethod codeBase="e:\Dev\sandbox\F#\ndc-code-snippets\bin\Debug\net6.0\ndc-code-snippets.dll" adapterTypeName="executor://nunit3testexecutor/" className="Tests" name="can reverse list [1; 2; 3]" />
    </UnitTest>
  </TestDefinitions>
  <TestEntries>
    <TestEntry testId="764d58a1-7f32-a987-14c9-e1109da67a4d" executionId="2bf4004f-da40-4eff-93be-c01472187965" testListId="8c84fa94-04c1-424b-9868-57a2d4851a1d" />
    <TestEntry testId="ac77d533-94dc-26b5-5d99-b5cbe7d9de0f" executionId="a62abe76-43c6-43bc-8eb9-1f7df0cde351" testListId="8c84fa94-04c1-424b-9868-57a2d4851a1d" />
    <TestEntry testId="fddadea8-f881-9e04-a8fc-7e6ee77f9a94" executionId="04d18766-f106-4335-9a79-927de404d157" testListId="8c84fa94-04c1-424b-9868-57a2d4851a1d" />
  </TestEntries>
  <TestLists>
    <TestList name="Results Not in a List" id="8c84fa94-04c1-424b-9868-57a2d4851a1d" />
    <TestList name="All Loaded Results" id="19431567-8539-422a-85d7-44ee4e166bda" />
  </TestLists>
  <ResultSummary outcome="Failed">
    <Counters total="3" executed="3" passed="2" failed="1" error="0" timeout="0" aborted="0" inconclusive="0" passedButRunAborted="0" notRunnable="0" notExecuted="0" disconnected="0" warning="0" completed="0" inProgress="0" pending="0" />
    <Output>
      <StdOut>NUnit Adapter 4.2.0.0: Test execution started&#xD;
Running selected tests in e:\Dev\sandbox\F#\ndc-code-snippets\bin\Debug\net6.0\ndc-code-snippets.dll&#xD;
   NUnit3TestExecutor discovered 3 of 3 NUnit test cases using Current Discovery mode, Non-Explicit run&#xD;
NUnit Adapter 4.2.0.0: Test execution complete&#xD;
</StdOut>
    </Output>
  </ResultSummary>
</TestRun>