<?xml version="1.0" encoding="utf-8"?>
<TestRun id="fe5db55a-9250-45c7-b944-9e22cdedbea3" name="lucym@DESKTOP-TQIN3JD 2022-12-29 14:34:08" runUser="DESKTOP-TQIN3JD\lucym" xmlns="http://microsoft.com/schemas/VisualStudio/TeamTest/2010">
  <Times creation="2022-12-29T14:34:08.4766739+00:00" queuing="2022-12-29T14:34:08.4766755+00:00" start="2022-12-29T14:34:05.0991882+00:00" finish="2022-12-29T14:34:08.4955079+00:00" />
  <TestSettings name="default" id="2fb6b79f-ccb2-45c0-b60c-0dc6524030a1">
    <Deployment runDeploymentRoot="lucym_DESKTOP-TQIN3JD_2022-12-29_14_34_08" />
  </TestSettings>
  <Results>
    <UnitTestResult executionId="dcb00397-2136-4008-bc34-7849a768cdf9" testId="fddadea8-f881-9e04-a8fc-7e6ee77f9a94" testName="can reverse list [6; 7; 8]" computerName="DESKTOP-TQIN3JD" duration="00:00:00.0882759" startTime="2022-12-29T14:34:07.9086950+00:00" endTime="2022-12-29T14:34:07.9969692+00:00" testType="13cdc9d9-ddb5-4fa4-a97d-d965ccfc6d4b" outcome="Failed" testListId="8c84fa94-04c1-424b-9868-57a2d4851a1d" relativeResultsDirectory="dcb00397-2136-4008-bc34-7849a768cdf9">
      <Output>
        <ErrorInfo>
          <Message>  Expected: &lt; 8, 7, 6 &gt; or &lt; 8, 7, 6 &gt;&#xD;
  But was:  &lt;empty&gt;&#xD;
</Message>
          <StackTrace>   at FsUnit.TopLevelOperators.should[a,a](FSharpFunc`2 f, a x, Object actual)&#xD;
   at Tests.can reverse list [6; 7; 8]() in e:\Dev\sandbox\F#\ndc-code-snippets\01-list-reverse.fs:line 22&#xD;
</StackTrace>
        </ErrorInfo>
      </Output>
    </UnitTestResult>
    <UnitTestResult executionId="cb73f9c8-cce8-4615-9264-3d03df33cdf9" testId="764d58a1-7f32-a987-14c9-e1109da67a4d" testName="can reverse list [1; 2; 3]" computerName="DESKTOP-TQIN3JD" duration="00:00:00.0329390" startTime="2022-12-29T14:34:07.8731777+00:00" endTime="2022-12-29T14:34:07.9059640+00:00" testType="13cdc9d9-ddb5-4fa4-a97d-d965ccfc6d4b" outcome="Passed" testListId="8c84fa94-04c1-424b-9868-57a2d4851a1d" relativeResultsDirectory="cb73f9c8-cce8-4615-9264-3d03df33cdf9" />
  </Results>
  <TestDefinitions>
    <UnitTest name="can reverse list [6; 7; 8]" storage="e:\dev\sandbox\f#\ndc-code-snippets\bin\debug\net6.0\ndc-code-snippets.dll" id="fddadea8-f881-9e04-a8fc-7e6ee77f9a94">
      <Execution id="dcb00397-2136-4008-bc34-7849a768cdf9" />
      <TestMethod codeBase="e:\Dev\sandbox\F#\ndc-code-snippets\bin\Debug\net6.0\ndc-code-snippets.dll" adapterTypeName="executor://nunit3testexecutor/" className="Tests" name="can reverse list [6; 7; 8]" />
    </UnitTest>
    <UnitTest name="can reverse list [1; 2; 3]" storage="e:\dev\sandbox\f#\ndc-code-snippets\bin\debug\net6.0\ndc-code-snippets.dll" id="764d58a1-7f32-a987-14c9-e1109da67a4d">
      <Execution id="cb73f9c8-cce8-4615-9264-3d03df33cdf9" />
      <TestMethod codeBase="e:\Dev\sandbox\F#\ndc-code-snippets\bin\Debug\net6.0\ndc-code-snippets.dll" adapterTypeName="executor://nunit3testexecutor/" className="Tests" name="can reverse list [1; 2; 3]" />
    </UnitTest>
  </TestDefinitions>
  <TestEntries>
    <TestEntry testId="fddadea8-f881-9e04-a8fc-7e6ee77f9a94" executionId="dcb00397-2136-4008-bc34-7849a768cdf9" testListId="8c84fa94-04c1-424b-9868-57a2d4851a1d" />
    <TestEntry testId="764d58a1-7f32-a987-14c9-e1109da67a4d" executionId="cb73f9c8-cce8-4615-9264-3d03df33cdf9" testListId="8c84fa94-04c1-424b-9868-57a2d4851a1d" />
  </TestEntries>
  <TestLists>
    <TestList name="Results Not in a List" id="8c84fa94-04c1-424b-9868-57a2d4851a1d" />
    <TestList name="All Loaded Results" id="19431567-8539-422a-85d7-44ee4e166bda" />
  </TestLists>
  <ResultSummary outcome="Failed">
    <Counters total="2" executed="2" passed="1" failed="1" error="0" timeout="0" aborted="0" inconclusive="0" passedButRunAborted="0" notRunnable="0" notExecuted="0" disconnected="0" warning="0" completed="0" inProgress="0" pending="0" />
    <Output>
      <StdOut>NUnit Adapter 4.2.0.0: Test execution started&#xD;
Running selected tests in e:\Dev\sandbox\F#\ndc-code-snippets\bin\Debug\net6.0\ndc-code-snippets.dll&#xD;
   NUnit3TestExecutor discovered 2 of 2 NUnit test cases using Current Discovery mode, Non-Explicit run&#xD;
NUnit Adapter 4.2.0.0: Test execution complete&#xD;
</StdOut>
    </Output>
  </ResultSummary>
</TestRun>